c:\users\maki\documents\shooting_game01\mkwin32project1\mkwin32project1\debug\vc141.pdb
c:\users\maki\documents\shooting_game01\mkwin32project1\mkwin32project1\debug\vc141.idb
c:\users\maki\documents\shooting_game01\mkwin32project1\mkwin32project1\debug\bullet.obj
c:\users\maki\documents\shooting_game01\mkwin32project1\mkwin32project1\debug\explosion.obj
c:\users\maki\documents\shooting_game01\mkwin32project1\mkwin32project1\debug\gamemanager.obj
c:\users\maki\documents\shooting_game01\mkwin32project1\mkwin32project1\debug\main.obj
c:\users\maki\documents\shooting_game01\mkwin32project1\mkwin32project1\debug\meteorite.obj
c:\users\maki\documents\shooting_game01\mkwin32project1\mkwin32project1\debug\player.obj
c:\users\maki\documents\shooting_game01\mkwin32project1\mkwin32project1\debug\systemmanager.obj
c:\users\maki\documents\shooting_game01\mkwin32project1\mkwin32project1\debug\collision.obj
c:\users\maki\documents\shooting_game01\mkwin32project1\mkwin32project1\debug\button.obj
c:\users\maki\documents\shooting_game01\mkwin32project1\debug\mkwin32project1.exe
c:\users\maki\documents\shooting_game01\mkwin32project1\debug\mkwin32project1.ilk
c:\users\maki\documents\shooting_game01\mkwin32project1\debug\mkwin32project1.pdb
c:\users\maki\documents\shooting_game01\mkwin32project1\mkwin32project1\debug\test.obj
c:\users\maki\documents\shooting_game01\mkwin32project1\mkwin32project1\debug\vc140.idb
c:\users\maki\documents\shooting_game01\mkwin32project1\mkwin32project1\debug\vc140.pdb
c:\users\maki\documents\shooting_game01\mkwin32project1\mkwin32project1\debug\mkwin32project1.tlog\cl.command.1.tlog
c:\users\maki\documents\shooting_game01\mkwin32project1\mkwin32project1\debug\mkwin32project1.tlog\cl.read.1.tlog
c:\users\maki\documents\shooting_game01\mkwin32project1\mkwin32project1\debug\mkwin32project1.tlog\cl.write.1.tlog
c:\users\maki\documents\shooting_game01\mkwin32project1\mkwin32project1\debug\mkwin32project1.tlog\link.command.1.tlog
c:\users\maki\documents\shooting_game01\mkwin32project1\mkwin32project1\debug\mkwin32project1.tlog\link.delete.1.tlog
c:\users\maki\documents\shooting_game01\mkwin32project1\mkwin32project1\debug\mkwin32project1.tlog\link.read.1.tlog
c:\users\maki\documents\shooting_game01\mkwin32project1\mkwin32project1\debug\mkwin32project1.tlog\link.write.1.tlog
